[2018-06-08 10:18:36------当前页面路径：/]
[2018-06-08 10:18:48------当前页面路径：form]
[2018-06-08 11:06:54------当前页面路径：login]
[2018-06-08 11:07:51------当前页面路径：login]
[2018-06-08 11:13:29------当前页面路径：session]
[2018-06-08 11:13:42------当前页面路径：shehzi]
[2018-06-08 11:13:48------当前页面路径：shezhi]
[2018-06-08 11:14:17------当前页面路径：/]
[2018-06-08 11:14:26------当前页面路径：shezhi]
[2018-06-08 11:15:16------当前页面路径：shezhi]
[2018-06-08 11:15:55------当前页面路径：shezhi]
[2018-06-08 11:15:57------当前页面路径：login]
[2018-06-08 11:16:24------当前页面路径：session]
[2018-06-08 11:16:25------当前页面路径：session]
[2018-06-08 11:16:41------当前页面路径：sehzhi]
[2018-06-08 11:16:47------当前页面路径：shezhi]
[2018-06-08 11:28:00------当前页面路径：ceshi]
[2018-06-08 11:28:24------当前页面路径：ceshi]
[2018-06-08 11:29:03------当前页面路径：ceshi]
[2018-06-08 11:29:04------当前页面路径：ceshi]
[2018-06-08 11:29:07------当前页面路径：ceshi]
[2018-06-08 11:29:38------当前页面路径：ceshi]
[2018-06-08 11:29:59------当前页面路径：/]
[2018-06-08 11:30:14------当前页面路径：/]
[2018-06-08 11:30:18------当前页面路径：ceshi]
[2018-06-08 11:30:18------当前页面路径：logins]
[2018-06-08 11:30:30------当前页面路径：ceshi]
[2018-06-08 11:30:30------当前页面路径：logins]
[2018-06-08 11:31:23------当前页面路径：/]
[2018-06-08 11:31:33------当前页面路径：ceshi]
[2018-06-08 11:31:34------当前页面路径：login]
[2018-06-08 18:48:49------当前页面路径：/]
[2018-06-08 18:56:58------当前页面路径：/]
[2018-06-08 18:57:01------当前页面路径：/]
[2018-06-08 18:57:10------当前页面路径：/]
[2018-06-08 18:57:57------当前页面路径：/]
[2018-06-08 18:59:06------当前页面路径：/]
[2018-06-08 18:59:09------当前页面路径：/]
[2018-06-08 19:01:47------当前页面路径：/]
[2018-06-08 19:02:38------当前页面路径：/]
[2018-06-08 19:03:10------当前页面路径：/]
[2018-06-08 19:04:00------当前页面路径：/]
[2018-06-08 19:04:24------当前页面路径：/]
[2018-06-08 19:39:07------当前页面路径：/]
[2018-06-08 19:40:05------当前页面路径：/]
[2018-06-08 19:42:05------当前页面路径：/]
[2018-06-08 19:44:18------当前页面路径：/]
[2018-06-08 19:53:13------当前页面路径：/]
[2018-06-08 19:54:29------当前页面路径：/]
[2018-06-08 19:55:20------当前页面路径：/]
[2018-06-08 20:09:44------当前页面路径：/]
[2018-06-09 08:30:38------当前页面路径：/]
[2018-06-09 10:48:50------当前页面路径：add]
[2018-06-09 10:52:20------当前页面路径：/]
[2018-06-09 10:53:09------当前页面路径：/]
[2018-06-09 10:53:21------当前页面路径：/]
[2018-06-09 10:56:20------当前页面路径：/]
[2018-06-09 10:56:37------当前页面路径：/]
[2018-06-09 10:56:45------当前页面路径：add]
[2018-06-09 10:59:40------当前页面路径：add]
[2018-06-09 10:59:42------当前页面路径：add]
[2018-06-09 11:03:40------当前页面路径：user/10]
[2018-06-09 11:07:46------当前页面路径：admin/nan-50]
[2018-06-09 11:07:58------当前页面路径：admin/nan-50]
[2018-06-09 11:14:32------当前页面路径：admin/user/33]
[2018-06-09 11:20:13------当前页面路径：admin/user/33]
[2018-06-09 11:21:41------当前页面路径：admin/user/33]
[2018-06-09 11:31:17------当前页面路径：user/shengji]
[2018-06-09 11:32:20------当前页面路径：user/shengji]
[2018-06-09 11:33:09------当前页面路径：user/shengji]
[2018-06-09 11:34:26------当前页面路径：user/shengji]
[2018-06-09 11:34:38------当前页面路径：user/shengji]
[2018-06-09 11:34:55------当前页面路径：user/shengji]
[2018-06-09 11:36:09------当前页面路径：user/shengji]
[2018-06-09 11:36:10------当前页面路径：login]
[2018-06-09 11:39:59------当前页面路径：login]
[2018-06-09 11:40:13------当前页面路径：user/shengji]
[2018-06-09 11:40:14------当前页面路径：login]
[2018-06-09 11:40:32------当前页面路径：ssesion]
[2018-06-09 11:40:36------当前页面路径：ssesion]
[2018-06-09 11:41:08------当前页面路径：session]
[2018-06-09 11:41:13------当前页面路径：user/shengji]
[2018-06-10 17:01:21------当前页面路径：/]
[2018-06-10 17:02:54------当前页面路径：/]
[2018-06-10 17:03:04------当前页面路径：nanzhuang]
[2018-06-10 17:26:32------当前页面路径：/]
[2018-06-10 17:27:21------当前页面路径：/]
[2018-06-10 17:49:22------当前页面路径：/]
[2018-06-10 17:50:41------当前页面路径：/]
[2018-06-11 10:43:11------当前页面路径：/]
[2018-06-11 10:44:14------当前页面路径：aa]
[2018-06-11 10:52:33------当前页面路径：admin/add/20]
[2018-06-11 10:52:50------当前页面路径：admin/add/20]
[2018-06-11 10:53:04------当前页面路径：admin/aa]
[2018-06-11 10:53:11------当前页面路径：admin/aa]
[2018-06-11 10:53:31------当前页面路径：admin/Update/312]
[2018-06-11 10:54:02------当前页面路径：admin/add/312]
[2018-06-11 10:54:12------当前页面路径：admin/update/312]
[2018-06-11 11:10:38------当前页面路径：admin/bieming/312]
[2018-06-11 11:15:50------当前页面路径：admin/show]
[2018-06-11 11:17:35------当前页面路径：admin/admin/insert]
[2018-06-11 11:17:39------当前页面路径：admin/admin/insert]
[2018-06-11 11:18:09------当前页面路径：admin/admin/insert]
[2018-06-11 11:18:16------当前页面路径：admin/admin/insert]
[2018-06-11 11:18:24------当前页面路径：admin/admin/insert]
[2018-06-11 11:19:31------当前页面路径：admin/show]
[2018-06-11 11:19:35------当前页面路径：admin/admin/inserts]
[2018-06-11 11:20:42------当前页面路径：admin/admin/inserts]
[2018-06-11 11:20:45------当前页面路径：admin/show]
[2018-06-11 11:20:48------当前页面路径：admin/inserts]
[2018-06-11 11:21:07------当前页面路径：admin/show]
[2018-06-11 11:21:09------当前页面路径：admin/admin/inserts]
[2018-06-11 11:21:38------当前页面路径：admin/show]
[2018-06-11 11:21:41------当前页面路径：admin/admin/inserts]
[2018-06-11 11:22:47------当前页面路径：admin/inserts]
[2018-06-11 11:23:02------当前页面路径：admin/inserts]
[2018-06-11 11:23:16------当前页面路径：admin/inserts]
[2018-06-11 11:23:26------当前页面路径：admin/show]
[2018-06-11 11:23:28------当前页面路径：admin/admin/inserts]
[2018-06-11 11:23:46------当前页面路径：admin/show]
[2018-06-11 11:23:47------当前页面路径：admin/inserts]
[2018-06-11 11:24:01------当前页面路径：admin/inserts]
[2018-06-11 11:25:37------当前页面路径：admin/inserts]
[2018-06-11 11:26:19------当前页面路径：admin/inserts]
[2018-06-11 11:26:43------当前页面路径：admin/inserts]
[2018-06-11 11:26:45------当前页面路径：admin/show]
[2018-06-11 11:27:00------当前页面路径：admin/admin/dd]
[2018-06-11 11:27:13------当前页面路径：admin/show]
[2018-06-11 11:27:17------当前页面路径：admin/dd]
[2018-06-11 11:28:29------当前页面路径：admin/dd]
[2018-06-11 11:28:32------当前页面路径：admin/dd]
[2018-06-11 11:28:35------当前页面路径：admin/show]
[2018-06-11 11:28:38------当前页面路径：admin/dd]
[2018-06-11 11:28:45------当前页面路径：admin/show]
[2018-06-11 11:28:49------当前页面路径：admin/dd]
[2018-06-11 11:28:54------当前页面路径：admin/dd]
[2018-06-11 11:29:06------当前页面路径：admin/dd]
[2018-06-11 11:30:14------当前页面路径：admin/show]
[2018-06-11 11:30:17------当前页面路径：admin/dd]
[2018-06-11 11:30:49------当前页面路径：admin]
[2018-06-11 11:30:55------当前页面路径：admin/aa]
[2018-06-11 11:37:21------当前页面路径：admin/request]
[2018-06-11 11:38:07------当前页面路径：admin/request]
[2018-06-11 11:39:00------当前页面路径：admin/request]
[2018-06-11 11:40:43------当前页面路径：admin/request]
[2018-06-11 11:41:21------当前页面路径：admin/request]
[2018-06-11 11:42:06------当前页面路径：admin/request]
[2018-06-11 11:43:02------当前页面路径：admin/request]
[2018-06-11 11:43:34------当前页面路径：admin/request]
[2018-06-11 11:44:03------当前页面路径：admin/request]
[2018-06-11 11:50:42------当前页面路径：admin/request]
[2018-06-11 11:54:10------当前页面路径：admin/request]
[2018-06-11 11:54:17------当前页面路径：admin/request]
[2018-06-11 11:54:46------当前页面路径：admin/request]
[2018-06-11 11:54:54------当前页面路径：admin/request]
[2018-06-11 11:54:56------当前页面路径：admin/request]
[2018-06-11 11:55:47------当前页面路径：admin/request]
[2018-06-11 11:57:15------当前页面路径：admin/request]
[2018-06-11 11:58:54------当前页面路径：admin/request]
[2018-06-11 12:00:15------当前页面路径：admin/request]
[2018-06-11 12:01:20------当前页面路径：admin/request]
